<?xml version="1.0" encoding="UTF-8"?>
<testsuite name="TestMaximum" tests="1" skipped="0" failures="0" errors="0" timestamp="2020-03-13T13:08:44" hostname="administrator-LIVA-Z2V" time="0.012">
  <properties/>
  <testcase name="givenThreeStrings_WhenProper_MaximumShouldBeTrue" classname="TestMaximum" time="0.012"/>
  <system-out><![CDATA[]]></system-out>
  <system-err><![CDATA[]]></system-err>
</testsuite>
